main.obj : error LNK2001: unresolved external symbol __imp____glewEnableVertexAttribArray
main.obj : error LNK2001: unresolved external symbol __imp____glewBindVertexArray
main.obj : error LNK2001: unresolved external symbol __imp____glewUseProgram
main.obj : error LNK2001: unresolved external symbol __imp____glewVertexAttribPointer
main.obj : error LNK2001: unresolved external symbol __imp__glClear@4
main.obj : error LNK2001: unresolved external symbol __imp____glewGetShaderiv
main.obj : error LNK2001: unresolved external symbol __imp____glewCompileShader
main.obj : error LNK2001: unresolved external symbol __imp____glewCreateShader
main.obj : error LNK2001: unresolved external symbol __imp____glewBindBuffer
main.obj : error LNK2001: unresolved external symbol __imp____glewCreateProgram
main.obj : error LNK2001: unresolved external symbol __imp__glEnable@4
main.obj : error LNK2001: unresolved external symbol __imp____glewGetShaderInfoLog
main.obj : error LNK2001: unresolved external symbol __imp____glewGetProgramiv
main.obj : error LNK2001: unresolved external symbol __imp____glewDeleteVertexArrays
main.obj : error LNK2001: unresolved external symbol __imp____glewGetUniformLocation
main.obj : error LNK2001: unresolved external symbol __imp____glewBufferData
main.obj : error LNK2001: unresolved external symbol __imp____glewAttachShader
main.obj : error LNK2001: unresolved external symbol __imp____glewDeleteProgram
main.obj : error LNK2001: unresolved external symbol __imp____glewShaderSource
main.obj : error LNK2001: unresolved external symbol __imp____glewGenVertexArrays
main.obj : error LNK2001: unresolved external symbol __imp____glewUniformMatrix4fv
main.obj : error LNK2001: unresolved external symbol __imp__glewExperimental
main.obj : error LNK2001: unresolved external symbol __imp____glewGetProgramInfoLog
main.obj : error LNK2001: unresolved external symbol __imp__glDrawElements@16
main.obj : error LNK2001: unresolved external symbol __imp____glewGenBuffers
main.obj : error LNK2001: unresolved external symbol __imp____glewDeleteShader
main.obj : error LNK2001: unresolved external symbol __imp____glewLinkProgram
main.obj : error LNK2001: unresolved external symbol __imp__glewInit@0
main.obj : error LNK2001: unresolved external symbol __imp____glewDeleteBuffers
C:\Users\babyl\source\repos\SDLengine\Release\SDLengine.exe : fatal error LNK1120: 29 unresolved externals
